2022-09-18 05:50:45,244 - INFO - 
Config:
'add_train': False
'batch_size': 64
'config_obj': {'feature_selected': {'feature_column': [2, 3, 4, 5, 6, 7, 8]
'label_column': [4, 5]}
'predict_day': 1
'network_argument': {'input_size': 7
'output_size': 2
'hidden_size': 128
'lstm_layers': 2
'dropout_rate': 0.2
'time_step': 20}
'train_argument': {'do_train': True
'do_predict': True
'add_train': False
'shuffle_train_data': True
'use_cuda': False
'train_data_rate': 0.95
'test_data_rate': 0.05
'batch_size': 64
'learning_rate': 0.001
'epoch': 20
'patience': 5
'random_seed': 42
'do_continue_train': True
'continue_flag': ''}
'train_mode': {'debug_mode': False
'debug_num': 500
'user_frame': 'keras'}
'path_argument': {'train_data_path': './data/stock_data.csv'
'model_save_path': './checkpoint/'
'figure_save_path': './figure'
'log_save_path': './log/'
'do_log_print_to_screen': False
'do_log_save_to_file': True
'do_figure_save': False
'do_train_visualized': False}}
'continue_flag': 'continue_'
'cur_time': '2022_09_18_05_50_45'
'debug_mode': False
'debug_num': 500
'do_continue_train': True
'do_log_print_to_screen': False
'do_log_save_to_file': True
'do_predict': True
'do_train': True
'do_train_visualized': False
'dropout_rate': 0.2
'epoch': 20
'feature_columns': [2, 3, 4, 5, 6, 7, 8]
'figure_save_path': './figure'
'file': <_io.TextIOWrapper name='config.json' mode='r' encoding='UTF-8'>
'hidden_size': 128
'input_size': 7
'label_columns': [4, 5]
'label_in_feature_index': [2, 3]
'learning_rate': 0.001
'log_save_path': './log/2022_09_18_05_50_45_keras/'
'lstm_layers': 2
'model_name': 'model_continue_keras.h5'
'model_save_path': './checkpoint/'
'output_size': 2
'patience': 5
'predict_day': 1
'random_seed': 42
'shuffle_train_data': False
'test_data_rate': 0.05
'time_step': 20
'train_data_path': './data/stock_data.csv'
'train_data_rate': 0.95
'use_cuda': False
'user_frame': 'keras'
2022-09-18 05:51:43,981 - INFO - the mean squared error of stock ['low', 'high'] is [0.01886096 0.01794049]
